2019-06-14 16:50:36 - MOD: Modification Default

FILE: system/engine/action.php
REGEX: ~(require|include)(_once)?\(([^)]+)~
LINE: 69

FILE: system/engine/loader.php
REGEX: ~(require|include)(_once)?\(([^)]+)~
LINE: 77
LINE: 151
LINE: 168

FILE: system/library/config.php
REGEX: ~(require|include)(_once)?\(([^)]+)~
LINE: 59

FILE: system/library/language.php
REGEX: ~(require|include)(_once)?\(([^)]+)~
LINE: 67
LINE: 73

FILE: system/library/template/template.php
REGEX: ~(require|include)(_once)?\(([^)]+)~
LINE: 18

FILE: system/library/template/twig.php
CODE: $loader = new \Twig_Loader_Filesystem(DIR_TEMPLATE);
LINE: 19
----------------------------------------------------------------
2019-07-13 13:55:47 - MOD: Modification Default

FILE: system/engine/action.php
REGEX: ~(require|include)(_once)?\(([^)]+)~
LINE: 69

FILE: system/engine/loader.php
REGEX: ~(require|include)(_once)?\(([^)]+)~
LINE: 77
LINE: 151
LINE: 168

FILE: system/library/config.php
REGEX: ~(require|include)(_once)?\(([^)]+)~
LINE: 59

FILE: system/library/language.php
REGEX: ~(require|include)(_once)?\(([^)]+)~
LINE: 67
LINE: 73

FILE: system/library/template/template.php
REGEX: ~(require|include)(_once)?\(([^)]+)~
LINE: 18

FILE: system/library/template/twig.php
CODE: $loader = new \Twig_Loader_Filesystem(DIR_TEMPLATE);
LINE: 19
----------------------------------------------------------------
2019-07-13 13:55:48 - MOD: Modification Default

FILE: system/engine/action.php
REGEX: ~(require|include)(_once)?\(([^)]+)~
LINE: 69

FILE: system/engine/loader.php
REGEX: ~(require|include)(_once)?\(([^)]+)~
LINE: 77
LINE: 151
LINE: 168

FILE: system/library/config.php
REGEX: ~(require|include)(_once)?\(([^)]+)~
LINE: 59

FILE: system/library/language.php
REGEX: ~(require|include)(_once)?\(([^)]+)~
LINE: 67
LINE: 73

FILE: system/library/template/template.php
REGEX: ~(require|include)(_once)?\(([^)]+)~
LINE: 18

FILE: system/library/template/twig.php
CODE: $loader = new \Twig_Loader_Filesystem(DIR_TEMPLATE);
LINE: 19
----------------------------------------------------------------
2019-07-13 13:55:48 - MOD: Modification Default

FILE: system/engine/action.php
REGEX: ~(require|include)(_once)?\(([^)]+)~
LINE: 69

FILE: system/engine/loader.php
REGEX: ~(require|include)(_once)?\(([^)]+)~
LINE: 77
LINE: 151
LINE: 168

FILE: system/library/config.php
REGEX: ~(require|include)(_once)?\(([^)]+)~
LINE: 59

FILE: system/library/language.php
REGEX: ~(require|include)(_once)?\(([^)]+)~
LINE: 67
LINE: 73

FILE: system/library/template/template.php
REGEX: ~(require|include)(_once)?\(([^)]+)~
LINE: 18

FILE: system/library/template/twig.php
CODE: $loader = new \Twig_Loader_Filesystem(DIR_TEMPLATE);
LINE: 19
----------------------------------------------------------------
2019-07-13 13:55:51 - MOD: Modification Default

FILE: system/engine/action.php
REGEX: ~(require|include)(_once)?\(([^)]+)~
LINE: 69

FILE: system/engine/loader.php
REGEX: ~(require|include)(_once)?\(([^)]+)~
LINE: 77
LINE: 151
LINE: 168

FILE: system/library/config.php
REGEX: ~(require|include)(_once)?\(([^)]+)~
LINE: 59

FILE: system/library/language.php
REGEX: ~(require|include)(_once)?\(([^)]+)~
LINE: 67
LINE: 73

FILE: system/library/template/template.php
REGEX: ~(require|include)(_once)?\(([^)]+)~
LINE: 18

FILE: system/library/template/twig.php
CODE: $loader = new \Twig_Loader_Filesystem(DIR_TEMPLATE);
LINE: 19
----------------------------------------------------------------
2019-07-13 14:05:26 - MOD: Modification Default

FILE: system/engine/action.php
REGEX: ~(require|include)(_once)?\(([^)]+)~
LINE: 69

FILE: system/engine/loader.php
REGEX: ~(require|include)(_once)?\(([^)]+)~
LINE: 77
LINE: 151
LINE: 168

FILE: system/library/config.php
REGEX: ~(require|include)(_once)?\(([^)]+)~
LINE: 59

FILE: system/library/language.php
REGEX: ~(require|include)(_once)?\(([^)]+)~
LINE: 67
LINE: 73

FILE: system/library/template/template.php
REGEX: ~(require|include)(_once)?\(([^)]+)~
LINE: 18

FILE: system/library/template/twig.php
CODE: $loader = new \Twig_Loader_Filesystem(DIR_TEMPLATE);
LINE: 19
----------------------------------------------------------------
MOD: social icon Option

FILE: system/library/response.php
CODE: if ($this->output) {
LINE: 227
CODE: echo $output;
LINE: 256

FILE: admin/language/en-gb/common/column_left.php
CODE: $_['text_other_status']         = 'Other Statuses';
LINE: 90

FILE: admin/model/catalog/category.php
CODE: public function getCategories($data = array()) {
LINE: 261

FILE: catalog/controller/common/header.php
CODE: $data['base'] = $server;
LINE: 67

FILE: admin/controller/common/column_left.php
CODE: $this->load->model('report/statistics')
LINE: 694

FILE: catalog/controller/checkout/cart.php
CODE: if (!$json) {
LINE: 648

FILE: catalog/controller/common/cart.php
CODE: $data['text_items']
LINE: 52

FILE: catalog/controller/common/footer.php
CODE: // Whos Online
LINE: 74

FILE: catalog/controller/product/manufacturer.php
CODE: $this->load->model('tool/image');
LINE: 10
LINE: 69
CODE: if ((float)$result['special']) {
LINE: 210
CODE: 'rating'      => $result['rating'],
LINE: 243

FILE: catalog/controller/product/category.php
CODE: $this->load->model('tool/image');
LINE: 12
CODE: if ((float)$result['special']) {
LINE: 368
CODE: 'rating'      => $result['rating'],
LINE: 428

FILE: catalog/controller/product/product.php
CODE: $this->load->model('tool/image');
LINE: 195
CODE: if ((float)$result['special']) {
LINE: 345
CODE: 'rating'      => $rating,
LINE: 375

FILE: catalog/controller/product/search.php
CODE: $this->load->model('tool/image');
LINE: 12
CODE: if ((float)$result['special']) {
LINE: 247
CODE: 'rating'      => $result['rating'],
LINE: 280

FILE: catalog/controller/common/search.php
CODE: public function index() {
LINE: 7

FILE: catalog/controller/extension/module/bestseller.php
CODE: $this->load->model('tool/image');
LINE: 18
CODE: if ($result['image']) {
LINE: 62
CODE: 'thumb'       => $image,
LINE: 100

FILE: catalog/controller/extension/module/featured.php
CODE: $this->load->model('tool/image');
LINE: 18
CODE: if ($product_info['image']) {
LINE: 69
CODE: 'thumb'       => $image,
LINE: 107

FILE: catalog/controller/extension/module/latest.php
CODE: $this->load->model('tool/image');
LINE: 22
CODE: if ($result['image']) {
LINE: 76
CODE: 'thumb'       => $image,
LINE: 114

FILE: catalog/controller/extension/module/special.php
CODE: $this->load->model('tool/image');
LINE: 18
CODE: if ($result['image']) {
LINE: 70
CODE: 'thumb'       => $image,
LINE: 112

FILE: catalog/controller/account/download.php
CODE: new Pagination();
LINE: 77

FILE: catalog/controller/account/order.php
CODE: new Pagination();
LINE: 65

FILE: catalog/controller/account/recurring.php
CODE: new Pagination();
LINE: 66

FILE: catalog/controller/account/return.php
CODE: new Pagination();
LINE: 63

FILE: catalog/controller/account/reward.php
CODE: new Pagination();
LINE: 61

FILE: catalog/controller/account/transaction.php
CODE: new Pagination();
LINE: 61
----------------------------------------------------------------
2019-07-13 14:05:29 - MOD: Modification Default

FILE: system/engine/action.php
REGEX: ~(require|include)(_once)?\(([^)]+)~
LINE: 69

FILE: system/engine/loader.php
REGEX: ~(require|include)(_once)?\(([^)]+)~
LINE: 77
LINE: 151
LINE: 168

FILE: system/library/config.php
REGEX: ~(require|include)(_once)?\(([^)]+)~
LINE: 59

FILE: system/library/language.php
REGEX: ~(require|include)(_once)?\(([^)]+)~
LINE: 67
LINE: 73

FILE: system/library/template/template.php
REGEX: ~(require|include)(_once)?\(([^)]+)~
LINE: 18

FILE: system/library/template/twig.php
CODE: $loader = new \Twig_Loader_Filesystem(DIR_TEMPLATE);
LINE: 19
----------------------------------------------------------------
MOD: social icon Option

FILE: system/library/response.php
CODE: if ($this->output) {
LINE: 227
CODE: echo $output;
LINE: 256

FILE: admin/language/en-gb/common/column_left.php
CODE: $_['text_other_status']         = 'Other Statuses';
LINE: 90

FILE: admin/model/catalog/category.php
CODE: public function getCategories($data = array()) {
LINE: 261

FILE: catalog/controller/common/header.php
CODE: $data['base'] = $server;
LINE: 67

FILE: admin/controller/common/column_left.php
CODE: $this->load->model('report/statistics')
LINE: 694

FILE: catalog/controller/checkout/cart.php
CODE: if (!$json) {
LINE: 648

FILE: catalog/controller/common/cart.php
CODE: $data['text_items']
LINE: 52

FILE: catalog/controller/common/footer.php
CODE: // Whos Online
LINE: 74

FILE: catalog/controller/product/manufacturer.php
CODE: $this->load->model('tool/image');
LINE: 10
LINE: 69
CODE: if ((float)$result['special']) {
LINE: 210
CODE: 'rating'      => $result['rating'],
LINE: 243

FILE: catalog/controller/product/category.php
CODE: $this->load->model('tool/image');
LINE: 12
CODE: if ((float)$result['special']) {
LINE: 368
CODE: 'rating'      => $result['rating'],
LINE: 428

FILE: catalog/controller/product/product.php
CODE: $this->load->model('tool/image');
LINE: 195
CODE: if ((float)$result['special']) {
LINE: 345
CODE: 'rating'      => $rating,
LINE: 375

FILE: catalog/controller/product/search.php
CODE: $this->load->model('tool/image');
LINE: 12
CODE: if ((float)$result['special']) {
LINE: 247
CODE: 'rating'      => $result['rating'],
LINE: 280

FILE: catalog/controller/common/search.php
CODE: public function index() {
LINE: 7

FILE: catalog/controller/extension/module/bestseller.php
CODE: $this->load->model('tool/image');
LINE: 18
CODE: if ($result['image']) {
LINE: 62
CODE: 'thumb'       => $image,
LINE: 100

FILE: catalog/controller/extension/module/featured.php
CODE: $this->load->model('tool/image');
LINE: 18
CODE: if ($product_info['image']) {
LINE: 69
CODE: 'thumb'       => $image,
LINE: 107

FILE: catalog/controller/extension/module/latest.php
CODE: $this->load->model('tool/image');
LINE: 22
CODE: if ($result['image']) {
LINE: 76
CODE: 'thumb'       => $image,
LINE: 114

FILE: catalog/controller/extension/module/special.php
CODE: $this->load->model('tool/image');
LINE: 18
CODE: if ($result['image']) {
LINE: 70
CODE: 'thumb'       => $image,
LINE: 112

FILE: catalog/controller/account/download.php
CODE: new Pagination();
LINE: 77

FILE: catalog/controller/account/order.php
CODE: new Pagination();
LINE: 65

FILE: catalog/controller/account/recurring.php
CODE: new Pagination();
LINE: 66

FILE: catalog/controller/account/return.php
CODE: new Pagination();
LINE: 63

FILE: catalog/controller/account/reward.php
CODE: new Pagination();
LINE: 61

FILE: catalog/controller/account/transaction.php
CODE: new Pagination();
LINE: 61
----------------------------------------------------------------
2019-07-13 14:15:06 - MOD: Modification Default

FILE: system/engine/action.php
REGEX: ~(require|include)(_once)?\(([^)]+)~
LINE: 69

FILE: system/engine/loader.php
REGEX: ~(require|include)(_once)?\(([^)]+)~
LINE: 77
LINE: 151
LINE: 168

FILE: system/library/config.php
REGEX: ~(require|include)(_once)?\(([^)]+)~
LINE: 59

FILE: system/library/language.php
REGEX: ~(require|include)(_once)?\(([^)]+)~
LINE: 67
LINE: 73

FILE: system/library/template/template.php
REGEX: ~(require|include)(_once)?\(([^)]+)~
LINE: 18

FILE: system/library/template/twig.php
CODE: $loader = new \Twig_Loader_Filesystem(DIR_TEMPLATE);
LINE: 19
----------------------------------------------------------------
MOD: theme setting

FILE: system/library/response.php
CODE: if ($this->output) {
LINE: 227
CODE: echo $output;
LINE: 256

FILE: admin/language/en-gb/common/column_left.php
CODE: $_['text_other_status']         = 'Other Statuses';
LINE: 90

FILE: admin/model/catalog/category.php
CODE: public function getCategories($data = array()) {
LINE: 261

FILE: catalog/controller/common/header.php
CODE: $data['base'] = $server;
LINE: 67

FILE: admin/controller/common/column_left.php
CODE: $this->load->model('report/statistics')
LINE: 694

FILE: catalog/controller/checkout/cart.php
CODE: if (!$json) {
LINE: 648

FILE: catalog/controller/common/cart.php
CODE: $data['text_items']
LINE: 52

FILE: catalog/controller/common/footer.php
CODE: // Whos Online
LINE: 74

FILE: catalog/controller/product/manufacturer.php
CODE: $this->load->model('tool/image');
LINE: 10
LINE: 69
CODE: if ((float)$result['special']) {
LINE: 210
CODE: 'rating'      => $result['rating'],
LINE: 243

FILE: catalog/controller/product/category.php
CODE: $this->load->model('tool/image');
LINE: 12
CODE: if ((float)$result['special']) {
LINE: 368
CODE: 'rating'      => $result['rating'],
LINE: 428

FILE: catalog/controller/product/product.php
CODE: $this->load->model('tool/image');
LINE: 195
CODE: if ((float)$result['special']) {
LINE: 345
CODE: 'rating'      => $rating,
LINE: 375

FILE: catalog/controller/product/search.php
CODE: $this->load->model('tool/image');
LINE: 12
CODE: if ((float)$result['special']) {
LINE: 247
CODE: 'rating'      => $result['rating'],
LINE: 280

FILE: catalog/controller/common/search.php
CODE: public function index() {
LINE: 7

FILE: catalog/controller/extension/module/bestseller.php
CODE: $this->load->model('tool/image');
LINE: 18
CODE: if ($result['image']) {
LINE: 62
CODE: 'thumb'       => $image,
LINE: 100

FILE: catalog/controller/extension/module/featured.php
CODE: $this->load->model('tool/image');
LINE: 18
CODE: if ($product_info['image']) {
LINE: 69
CODE: 'thumb'       => $image,
LINE: 107

FILE: catalog/controller/extension/module/latest.php
CODE: $this->load->model('tool/image');
LINE: 22
CODE: if ($result['image']) {
LINE: 76
CODE: 'thumb'       => $image,
LINE: 114

FILE: catalog/controller/extension/module/special.php
CODE: $this->load->model('tool/image');
LINE: 18
CODE: if ($result['image']) {
LINE: 70
CODE: 'thumb'       => $image,
LINE: 112

FILE: catalog/controller/account/download.php
CODE: new Pagination();
LINE: 77

FILE: catalog/controller/account/order.php
CODE: new Pagination();
LINE: 65

FILE: catalog/controller/account/recurring.php
CODE: new Pagination();
LINE: 66

FILE: catalog/controller/account/return.php
CODE: new Pagination();
LINE: 63

FILE: catalog/controller/account/reward.php
CODE: new Pagination();
LINE: 61

FILE: catalog/controller/account/transaction.php
CODE: new Pagination();
LINE: 61
----------------------------------------------------------------
2019-07-15 5:05:46 - MOD: Modification Default

FILE: system/engine/action.php
REGEX: ~(require|include)(_once)?\(([^)]+)~
LINE: 69

FILE: system/engine/loader.php
REGEX: ~(require|include)(_once)?\(([^)]+)~
LINE: 77
LINE: 151
LINE: 168

FILE: system/library/config.php
REGEX: ~(require|include)(_once)?\(([^)]+)~
LINE: 59

FILE: system/library/language.php
REGEX: ~(require|include)(_once)?\(([^)]+)~
LINE: 67
LINE: 73

FILE: system/library/template/template.php
REGEX: ~(require|include)(_once)?\(([^)]+)~
LINE: 18

FILE: system/library/template/twig.php
CODE: $loader = new \Twig_Loader_Filesystem(DIR_TEMPLATE);
LINE: 19
----------------------------------------------------------------
2019-07-15 5:05:50 - MOD: Modification Default

FILE: system/engine/action.php
REGEX: ~(require|include)(_once)?\(([^)]+)~
LINE: 69

FILE: system/engine/loader.php
REGEX: ~(require|include)(_once)?\(([^)]+)~
LINE: 77
LINE: 151
LINE: 168

FILE: system/library/config.php
REGEX: ~(require|include)(_once)?\(([^)]+)~
LINE: 59

FILE: system/library/language.php
REGEX: ~(require|include)(_once)?\(([^)]+)~
LINE: 67
LINE: 73

FILE: system/library/template/template.php
REGEX: ~(require|include)(_once)?\(([^)]+)~
LINE: 18

FILE: system/library/template/twig.php
CODE: $loader = new \Twig_Loader_Filesystem(DIR_TEMPLATE);
LINE: 19
----------------------------------------------------------------
2019-07-15 5:06:45 - MOD: Modification Default

FILE: system/engine/action.php
REGEX: ~(require|include)(_once)?\(([^)]+)~
LINE: 69

FILE: system/engine/loader.php
REGEX: ~(require|include)(_once)?\(([^)]+)~
LINE: 77
LINE: 151
LINE: 168

FILE: system/library/config.php
REGEX: ~(require|include)(_once)?\(([^)]+)~
LINE: 59

FILE: system/library/language.php
REGEX: ~(require|include)(_once)?\(([^)]+)~
LINE: 67
LINE: 73

FILE: system/library/template/template.php
REGEX: ~(require|include)(_once)?\(([^)]+)~
LINE: 18

FILE: system/library/template/twig.php
CODE: $loader = new \Twig_Loader_Filesystem(DIR_TEMPLATE);
LINE: 19
----------------------------------------------------------------
MOD: theme setting

FILE: system/library/response.php
CODE: if ($this->output) {
LINE: 227
CODE: echo $output;
LINE: 256

FILE: admin/language/en-gb/common/column_left.php
CODE: $_['text_other_status']         = 'Other Statuses';
LINE: 90

FILE: admin/model/catalog/category.php
CODE: public function getCategories($data = array()) {
LINE: 261

FILE: catalog/controller/common/header.php
CODE: $data['base'] = $server;
LINE: 67

FILE: admin/controller/common/column_left.php
CODE: $this->load->model('report/statistics')
LINE: 694

FILE: catalog/controller/checkout/cart.php
CODE: if (!$json) {
LINE: 648

FILE: catalog/controller/common/cart.php
CODE: $data['text_items']
LINE: 52

FILE: catalog/controller/common/footer.php
CODE: // Whos Online
LINE: 74

FILE: catalog/controller/product/manufacturer.php
CODE: $this->load->model('tool/image');
LINE: 10
LINE: 69
CODE: if ((float)$result['special']) {
LINE: 210
CODE: 'rating'      => $result['rating'],
LINE: 243

FILE: catalog/controller/product/category.php
CODE: $this->load->model('tool/image');
LINE: 12
CODE: if ((float)$result['special']) {
LINE: 368
CODE: 'rating'      => $result['rating'],
LINE: 428

FILE: catalog/controller/product/product.php
CODE: $this->load->model('tool/image');
LINE: 195
CODE: if ((float)$result['special']) {
LINE: 345
CODE: 'rating'      => $rating,
LINE: 375

FILE: catalog/controller/product/search.php
CODE: $this->load->model('tool/image');
LINE: 12
CODE: if ((float)$result['special']) {
LINE: 247
CODE: 'rating'      => $result['rating'],
LINE: 280

FILE: catalog/controller/common/search.php
CODE: public function index() {
LINE: 7

FILE: catalog/controller/extension/module/bestseller.php
CODE: $this->load->model('tool/image');
LINE: 18
CODE: if ($result['image']) {
LINE: 62
CODE: 'thumb'       => $image,
LINE: 100

FILE: catalog/controller/extension/module/featured.php
CODE: $this->load->model('tool/image');
LINE: 18
CODE: if ($product_info['image']) {
LINE: 69
CODE: 'thumb'       => $image,
LINE: 107

FILE: catalog/controller/extension/module/latest.php
CODE: $this->load->model('tool/image');
LINE: 22
CODE: if ($result['image']) {
LINE: 76
CODE: 'thumb'       => $image,
LINE: 114

FILE: catalog/controller/extension/module/special.php
CODE: $this->load->model('tool/image');
LINE: 18
CODE: if ($result['image']) {
LINE: 70
CODE: 'thumb'       => $image,
LINE: 112

FILE: catalog/controller/account/download.php
CODE: new Pagination();
LINE: 77

FILE: catalog/controller/account/order.php
CODE: new Pagination();
LINE: 65

FILE: catalog/controller/account/recurring.php
CODE: new Pagination();
LINE: 66

FILE: catalog/controller/account/return.php
CODE: new Pagination();
LINE: 63

FILE: catalog/controller/account/reward.php
CODE: new Pagination();
LINE: 61

FILE: catalog/controller/account/transaction.php
CODE: new Pagination();
LINE: 61
----------------------------------------------------------------
2019-07-17 15:02:53 - MOD: Modification Default

FILE: system/engine/action.php
REGEX: ~(require|include)(_once)?\(([^)]+)~
LINE: 69

FILE: system/engine/loader.php
REGEX: ~(require|include)(_once)?\(([^)]+)~
LINE: 77
LINE: 151
LINE: 168

FILE: system/library/config.php
REGEX: ~(require|include)(_once)?\(([^)]+)~
LINE: 59

FILE: system/library/language.php
REGEX: ~(require|include)(_once)?\(([^)]+)~
LINE: 67
LINE: 73

FILE: system/library/template/template.php
REGEX: ~(require|include)(_once)?\(([^)]+)~
LINE: 18

FILE: system/library/template/twig.php
CODE: $loader = new \Twig_Loader_Filesystem(DIR_TEMPLATE);
LINE: 19
----------------------------------------------------------------
MOD: theme setting

FILE: system/framework.php
CODE: // Registry
LINE: 6

FILE: system/library/response.php
CODE: if ($this->output) {
LINE: 227
CODE: echo $output;
LINE: 256

FILE: admin/language/en-gb/common/column_left.php
CODE: $_['text_other_status']         = 'Other Statuses';
LINE: 90

FILE: admin/model/catalog/category.php
CODE: public function getCategories($data = array()) {
LINE: 261

FILE: catalog/controller/common/header.php
CODE: $data['base'] = $server;
LINE: 67

FILE: admin/controller/common/column_left.php
CODE: $this->load->model('report/statistics')
LINE: 694

FILE: catalog/controller/checkout/cart.php
CODE: if (!$json) {
LINE: 648

FILE: catalog/controller/common/cart.php
CODE: $data['text_items']
LINE: 52

FILE: catalog/controller/common/footer.php
CODE: // Whos Online
LINE: 74

FILE: catalog/controller/product/manufacturer.php
CODE: $this->load->model('tool/image');
LINE: 10
LINE: 69
CODE: if ((float)$result['special']) {
LINE: 210
CODE: 'rating'      => $result['rating'],
LINE: 243

FILE: catalog/controller/product/category.php
CODE: $this->load->model('tool/image');
LINE: 12
CODE: if ((float)$result['special']) {
LINE: 368
CODE: 'rating'      => $result['rating'],
LINE: 428

FILE: catalog/controller/product/product.php
CODE: $this->load->model('tool/image');
LINE: 195
CODE: if ((float)$result['special']) {
LINE: 345
CODE: 'rating'      => $rating,
LINE: 375

FILE: catalog/controller/product/search.php
CODE: $this->load->model('tool/image');
LINE: 12
CODE: if ((float)$result['special']) {
LINE: 247
CODE: 'rating'      => $result['rating'],
LINE: 280

FILE: catalog/controller/common/search.php
CODE: public function index() {
LINE: 7

FILE: catalog/controller/extension/module/bestseller.php
CODE: $this->load->model('tool/image');
LINE: 18
CODE: if ($result['image']) {
LINE: 62
CODE: 'thumb'       => $image,
LINE: 100

FILE: catalog/controller/extension/module/featured.php
CODE: $this->load->model('tool/image');
LINE: 18
CODE: if ($product_info['image']) {
LINE: 69
CODE: 'thumb'       => $image,
LINE: 107

FILE: catalog/controller/extension/module/latest.php
CODE: $this->load->model('tool/image');
LINE: 22
CODE: if ($result['image']) {
LINE: 76
CODE: 'thumb'       => $image,
LINE: 114

FILE: catalog/controller/extension/module/special.php
CODE: $this->load->model('tool/image');
LINE: 18
CODE: if ($result['image']) {
LINE: 70
CODE: 'thumb'       => $image,
LINE: 112

FILE: catalog/controller/account/download.php
CODE: new Pagination();
LINE: 77

FILE: catalog/controller/account/order.php
CODE: new Pagination();
LINE: 65

FILE: catalog/controller/account/recurring.php
CODE: new Pagination();
LINE: 66

FILE: catalog/controller/account/return.php
CODE: new Pagination();
LINE: 63

FILE: catalog/controller/account/reward.php
CODE: new Pagination();
LINE: 61

FILE: catalog/controller/account/transaction.php
CODE: new Pagination();
LINE: 61
----------------------------------------------------------------
2019-07-17 16:41:33 - MOD: Modification Default

FILE: system/engine/action.php
REGEX: ~(require|include)(_once)?\(([^)]+)~
LINE: 69

FILE: system/engine/loader.php
REGEX: ~(require|include)(_once)?\(([^)]+)~
LINE: 77
LINE: 151
LINE: 168

FILE: system/library/config.php
REGEX: ~(require|include)(_once)?\(([^)]+)~
LINE: 59

FILE: system/library/language.php
REGEX: ~(require|include)(_once)?\(([^)]+)~
LINE: 67
LINE: 73

FILE: system/library/template/template.php
REGEX: ~(require|include)(_once)?\(([^)]+)~
LINE: 18

FILE: system/library/template/twig.php
CODE: $loader = new \Twig_Loader_Filesystem(DIR_TEMPLATE);
LINE: 19
----------------------------------------------------------------
MOD: theme setting

FILE: system/library/response.php
CODE: if ($this->output) {
LINE: 227
CODE: echo $output;
LINE: 256

FILE: admin/language/en-gb/common/column_left.php
CODE: $_['text_other_status']         = 'Other Statuses';
LINE: 90

FILE: admin/model/catalog/category.php
CODE: public function getCategories($data = array()) {
LINE: 261

FILE: catalog/controller/common/header.php
CODE: $data['base'] = $server;
LINE: 76

FILE: admin/controller/common/column_left.php
CODE: $this->load->model('report/statistics')
LINE: 694

FILE: catalog/controller/checkout/cart.php
CODE: if (!$json) {
LINE: 648

FILE: catalog/controller/common/cart.php
CODE: $data['text_items']
LINE: 52

FILE: catalog/controller/common/footer.php
CODE: // Whos Online
LINE: 74

FILE: catalog/controller/product/manufacturer.php
CODE: $this->load->model('tool/image');
LINE: 10
LINE: 69
CODE: if ((float)$result['special']) {
LINE: 210
CODE: 'rating'      => $result['rating'],
LINE: 243

FILE: catalog/controller/product/category.php
CODE: $this->load->model('tool/image');
LINE: 12
CODE: if ((float)$result['special']) {
LINE: 368
CODE: 'rating'      => $result['rating'],
LINE: 428

FILE: catalog/controller/product/product.php
CODE: $this->load->model('tool/image');
LINE: 195
CODE: if ((float)$result['special']) {
LINE: 345
CODE: 'rating'      => $rating,
LINE: 375

FILE: catalog/controller/product/search.php
CODE: $this->load->model('tool/image');
LINE: 12
CODE: if ((float)$result['special']) {
LINE: 247
CODE: 'rating'      => $result['rating'],
LINE: 280

FILE: catalog/controller/common/search.php
CODE: public function index() {
LINE: 7

FILE: catalog/controller/extension/module/bestseller.php
CODE: $this->load->model('tool/image');
LINE: 18
CODE: if ($result['image']) {
LINE: 62
CODE: 'thumb'       => $image,
LINE: 100

FILE: catalog/controller/extension/module/featured.php
CODE: $this->load->model('tool/image');
LINE: 18
CODE: if ($product_info['image']) {
LINE: 69
CODE: 'thumb'       => $image,
LINE: 107

FILE: catalog/controller/extension/module/latest.php
CODE: $this->load->model('tool/image');
LINE: 22
CODE: if ($result['image']) {
LINE: 76
CODE: 'thumb'       => $image,
LINE: 114

FILE: catalog/controller/extension/module/special.php
CODE: $this->load->model('tool/image');
LINE: 19
CODE: if ($result['image']) {
LINE: 71
CODE: 'thumb'       => $image,
LINE: 113

FILE: catalog/controller/account/download.php
CODE: new Pagination();
LINE: 77

FILE: catalog/controller/account/order.php
CODE: new Pagination();
LINE: 65

FILE: catalog/controller/account/recurring.php
CODE: new Pagination();
LINE: 66

FILE: catalog/controller/account/return.php
CODE: new Pagination();
LINE: 63

FILE: catalog/controller/account/reward.php
CODE: new Pagination();
LINE: 61

FILE: catalog/controller/account/transaction.php
CODE: new Pagination();
LINE: 61
----------------------------------------------------------------
2019-08-01 16:32:10 - MOD: Modification Default

FILE: system/engine/action.php
REGEX: ~(require|include)(_once)?\(([^)]+)~
LINE: 69

FILE: system/engine/loader.php
REGEX: ~(require|include)(_once)?\(([^)]+)~
LINE: 77
LINE: 151
LINE: 168

FILE: system/library/config.php
REGEX: ~(require|include)(_once)?\(([^)]+)~
LINE: 59

FILE: system/library/language.php
REGEX: ~(require|include)(_once)?\(([^)]+)~
LINE: 67
LINE: 73

FILE: system/library/template/template.php
REGEX: ~(require|include)(_once)?\(([^)]+)~
LINE: 18

FILE: system/library/template/twig.php
CODE: $loader = new \Twig_Loader_Filesystem(DIR_TEMPLATE);
LINE: 19
----------------------------------------------------------------
MOD: theme setting

FILE: system/library/response.php
CODE: if ($this->output) {
LINE: 237
CODE: echo $output;
LINE: 276

FILE: admin/language/en-gb/common/column_left.php
CODE: $_['text_other_status']         = 'Other Statuses';
LINE: 90

FILE: admin/model/catalog/category.php
CODE: public function getCategories($data = array()) {
LINE: 304

FILE: catalog/controller/common/header.php
CODE: $data['base'] = $server;
LINE: 94

FILE: admin/controller/common/column_left.php
CODE: $this->load->model('report/statistics')
LINE: 719

FILE: catalog/controller/checkout/cart.php
CODE: if (!$json) {
LINE: 661

FILE: catalog/controller/common/cart.php
CODE: $data['text_items']
LINE: 54

FILE: catalog/controller/common/footer.php
CODE: // Whos Online
LINE: 100

FILE: catalog/controller/product/manufacturer.php
CODE: $this->load->model('tool/image');
LINE: 12
LINE: 73
CODE: if ((float)$result['special']) {
LINE: 249
CODE: 'rating'      => $result['rating'],
LINE: 287

FILE: catalog/controller/product/category.php
CODE: $this->load->model('tool/image');
LINE: 14
CODE: if ((float)$result['special']) {
LINE: 408
CODE: 'rating'      => $result['rating'],
LINE: 473

FILE: catalog/controller/product/product.php
CODE: $this->load->model('tool/image');
LINE: 198
CODE: if ((float)$result['special']) {
LINE: 386
CODE: 'rating'      => $rating,
LINE: 421

FILE: catalog/controller/product/search.php
CODE: $this->load->model('tool/image');
LINE: 14
CODE: if ((float)$result['special']) {
LINE: 287
CODE: 'rating'      => $result['rating'],
LINE: 325

FILE: catalog/controller/common/search.php
CODE: public function index() {
LINE: 9

FILE: catalog/controller/extension/module/bestseller.php
CODE: $this->load->model('tool/image');
LINE: 28
CODE: if ($result['image']) {
LINE: 107
CODE: 'thumb'       => $image,
LINE: 150

FILE: catalog/controller/extension/module/featured.php
CODE: $this->load->model('tool/image');
LINE: 28
CODE: if ($product_info['image']) {
LINE: 114
CODE: 'thumb'       => $image,
LINE: 157

FILE: catalog/controller/extension/module/latest.php
CODE: $this->load->model('tool/image');
LINE: 36
CODE: if ($result['image']) {
LINE: 128
CODE: 'thumb'       => $image,
LINE: 171

FILE: catalog/controller/extension/module/special.php
CODE: $this->load->model('tool/image');
LINE: 30
CODE: if ($result['image']) {
LINE: 118
CODE: 'thumb'       => $image,
LINE: 165

FILE: catalog/controller/account/download.php
CODE: new Pagination();
LINE: 77

FILE: catalog/controller/account/order.php
CODE: new Pagination();
LINE: 65

FILE: catalog/controller/account/recurring.php
CODE: new Pagination();
LINE: 66

FILE: catalog/controller/account/return.php
CODE: new Pagination();
LINE: 63

FILE: catalog/controller/account/reward.php
CODE: new Pagination();
LINE: 61

FILE: catalog/controller/account/transaction.php
CODE: new Pagination();
LINE: 61
----------------------------------------------------------------
2019-08-01 17:27:40 - MOD: Modification Default

FILE: system/engine/action.php
REGEX: ~(require|include)(_once)?\(([^)]+)~
LINE: 69

FILE: system/engine/loader.php
REGEX: ~(require|include)(_once)?\(([^)]+)~
LINE: 77
LINE: 151
LINE: 168

FILE: system/library/config.php
REGEX: ~(require|include)(_once)?\(([^)]+)~
LINE: 59

FILE: system/library/language.php
REGEX: ~(require|include)(_once)?\(([^)]+)~
LINE: 67
LINE: 73

FILE: system/library/template/template.php
REGEX: ~(require|include)(_once)?\(([^)]+)~
LINE: 18

FILE: system/library/template/twig.php
CODE: $loader = new \Twig_Loader_Filesystem(DIR_TEMPLATE);
LINE: 19
----------------------------------------------------------------
MOD: theme setting

FILE: admin/controller/marketplace/extension.php
CODE: $this->load->controller('common/footer');
LINE: 60

FILE: admin/view/template/marketplace/extension.twig
CODE: <div class="panel panel-default">
LINE: 18

FILE: admin/controller/extension/theme/default.php
CODE: if (($this->request->server['REQUEST_METHOD'] == 'POST') && $this->validate()) {
LINE: 26

FILE: system/library/response.php
CODE: if ($this->output) {
LINE: 227
CODE: echo $output;
LINE: 256

FILE: admin/language/en-gb/common/column_left.php
CODE: $_['text_other_status']         = 'Other Statuses';
LINE: 90

FILE: admin/model/catalog/category.php
CODE: public function getCategories($data = array()) {
LINE: 261

FILE: catalog/controller/common/header.php
CODE: $data['base'] = $server;
LINE: 79

FILE: admin/controller/common/column_left.php
CODE: $this->load->model('report/statistics')
LINE: 694

FILE: catalog/controller/checkout/cart.php
CODE: if (!$json) {
LINE: 648

FILE: catalog/controller/common/cart.php
CODE: $data['text_items']
LINE: 52

FILE: catalog/controller/common/footer.php
CODE: // Whos Online
LINE: 68

FILE: catalog/controller/product/manufacturer.php
CODE: $this->load->model('tool/image');
LINE: 10
LINE: 69
CODE: if ((float)$result['special']) {
LINE: 210
CODE: 'rating'      => $result['rating'],
LINE: 243

FILE: catalog/controller/product/category.php
CODE: $this->load->model('tool/image');
LINE: 12
CODE: if ((float)$result['special']) {
LINE: 368
CODE: 'rating'      => $result['rating'],
LINE: 428

FILE: catalog/controller/product/product.php
CODE: $this->load->model('tool/image');
LINE: 195
CODE: if ((float)$result['special']) {
LINE: 345
CODE: 'rating'      => $rating,
LINE: 375

FILE: catalog/controller/product/search.php
CODE: $this->load->model('tool/image');
LINE: 12
CODE: if ((float)$result['special']) {
LINE: 247
CODE: 'rating'      => $result['rating'],
LINE: 280

FILE: catalog/controller/common/search.php
CODE: public function index() {
LINE: 7

FILE: catalog/controller/extension/module/bestseller.php
CODE: $this->load->model('tool/image');
LINE: 18
CODE: if ($result['image']) {
LINE: 62
CODE: 'thumb'       => $image,
LINE: 100

FILE: catalog/controller/extension/module/featured.php
CODE: $this->load->model('tool/image');
LINE: 18
CODE: if ($product_info['image']) {
LINE: 69
CODE: 'thumb'       => $image,
LINE: 107

FILE: catalog/controller/extension/module/latest.php
CODE: $this->load->model('tool/image');
LINE: 22
CODE: if ($result['image']) {
LINE: 76
CODE: 'thumb'       => $image,
LINE: 114

FILE: catalog/controller/extension/module/special.php
CODE: $this->load->model('tool/image');
LINE: 19
CODE: if ($result['image']) {
LINE: 71
CODE: 'thumb'       => $image,
LINE: 113

FILE: catalog/controller/account/download.php
CODE: new Pagination();
LINE: 77

FILE: catalog/controller/account/order.php
CODE: new Pagination();
LINE: 65

FILE: catalog/controller/account/recurring.php
CODE: new Pagination();
LINE: 66

FILE: catalog/controller/account/return.php
CODE: new Pagination();
LINE: 63

FILE: catalog/controller/account/reward.php
CODE: new Pagination();
LINE: 61

FILE: catalog/controller/account/transaction.php
CODE: new Pagination();
LINE: 61
----------------------------------------------------------------
2019-08-21 16:27:29 - MOD: Modification Default

FILE: system/engine/action.php
REGEX: ~(require|include)(_once)?\(([^)]+)~
LINE: 69

FILE: system/engine/loader.php
REGEX: ~(require|include)(_once)?\(([^)]+)~
LINE: 77
LINE: 151
LINE: 168

FILE: system/library/config.php
REGEX: ~(require|include)(_once)?\(([^)]+)~
LINE: 59

FILE: system/library/language.php
REGEX: ~(require|include)(_once)?\(([^)]+)~
LINE: 67
LINE: 73

FILE: system/library/template/template.php
REGEX: ~(require|include)(_once)?\(([^)]+)~
LINE: 18

FILE: system/library/template/twig.php
CODE: $loader = new \Twig_Loader_Filesystem(DIR_TEMPLATE);
LINE: 19
----------------------------------------------------------------
MOD: theme setting

FILE: admin/controller/marketplace/extension.php
CODE: $this->load->controller('common/footer');
LINE: 60

FILE: admin/view/template/marketplace/extension.twig
CODE: <div class="panel panel-default">
LINE: 18

FILE: admin/controller/extension/theme/default.php
CODE: if (($this->request->server['REQUEST_METHOD'] == 'POST') && $this->validate()) {
LINE: 26

FILE: admin/language/en-gb/common/column_left.php
CODE: $_['text_other_status']         = 'Other Statuses';
LINE: 90

FILE: admin/model/catalog/category.php
CODE: public function getCategories($data = array()) {
LINE: 261

FILE: catalog/controller/common/header.php
CODE: $data['base'] = $server;
LINE: 80

FILE: admin/controller/common/column_left.php
CODE: $this->load->model('report/statistics')
LINE: 694

FILE: catalog/controller/checkout/cart.php
CODE: if (!$json) {
LINE: 648

FILE: catalog/controller/common/cart.php
CODE: $data['text_items']
LINE: 52

FILE: catalog/controller/common/footer.php
CODE: // Whos Online
LINE: 69

FILE: catalog/controller/product/manufacturer.php
CODE: $this->load->model('tool/image');
LINE: 10
LINE: 69
CODE: if ((float)$result['special']) {
LINE: 210
CODE: 'rating'      => $result['rating'],
LINE: 243

FILE: catalog/controller/product/category.php
CODE: $this->load->model('tool/image');
LINE: 12
CODE: if ((float)$result['special']) {
LINE: 368
CODE: 'rating'      => $result['rating'],
LINE: 428

FILE: catalog/controller/product/product.php
CODE: $this->load->model('tool/image');
LINE: 195
CODE: if ((float)$result['special']) {
LINE: 345
CODE: 'rating'      => $rating,
LINE: 375

FILE: catalog/controller/product/search.php
CODE: $this->load->model('tool/image');
LINE: 12
CODE: if ((float)$result['special']) {
LINE: 247
CODE: 'rating'      => $result['rating'],
LINE: 280

FILE: catalog/controller/common/search.php
CODE: public function index() {
LINE: 7

FILE: catalog/controller/extension/module/bestseller.php
CODE: $this->load->model('tool/image');
LINE: 18
CODE: if ($result['image']) {
LINE: 62
CODE: 'thumb'       => $image,
LINE: 100

FILE: catalog/controller/extension/module/featured.php
CODE: $this->load->model('tool/image');
LINE: 18
CODE: if ($product_info['image']) {
LINE: 69
CODE: 'thumb'       => $image,
LINE: 107

FILE: catalog/controller/extension/module/latest.php
CODE: $this->load->model('tool/image');
LINE: 22
CODE: if ($result['image']) {
LINE: 76
CODE: 'thumb'       => $image,
LINE: 114

FILE: catalog/controller/extension/module/special.php
CODE: $this->load->model('tool/image');
LINE: 19
CODE: if ($result['image']) {
LINE: 71
CODE: 'thumb'       => $image,
LINE: 113

FILE: catalog/controller/account/download.php
CODE: new Pagination();
LINE: 77

FILE: catalog/controller/account/order.php
CODE: new Pagination();
LINE: 65

FILE: catalog/controller/account/recurring.php
CODE: new Pagination();
LINE: 66

FILE: catalog/controller/account/return.php
CODE: new Pagination();
LINE: 63

FILE: catalog/controller/account/reward.php
CODE: new Pagination();
LINE: 61

FILE: catalog/controller/account/transaction.php
CODE: new Pagination();
LINE: 61
----------------------------------------------------------------
2019-08-21 16:31:06 - MOD: Modification Default

FILE: system/engine/action.php
REGEX: ~(require|include)(_once)?\(([^)]+)~
LINE: 69

FILE: system/engine/loader.php
REGEX: ~(require|include)(_once)?\(([^)]+)~
LINE: 77
LINE: 151
LINE: 168

FILE: system/library/config.php
REGEX: ~(require|include)(_once)?\(([^)]+)~
LINE: 59

FILE: system/library/language.php
REGEX: ~(require|include)(_once)?\(([^)]+)~
LINE: 67
LINE: 73

FILE: system/library/template/template.php
REGEX: ~(require|include)(_once)?\(([^)]+)~
LINE: 18

FILE: system/library/template/twig.php
CODE: $loader = new \Twig_Loader_Filesystem(DIR_TEMPLATE);
LINE: 19
----------------------------------------------------------------
MOD: theme setting

FILE: admin/controller/marketplace/extension.php
CODE: $this->load->controller('common/footer');
LINE: 60

FILE: admin/view/template/marketplace/extension.twig
CODE: <div class="panel panel-default">
LINE: 18

FILE: admin/controller/extension/theme/default.php
CODE: if (($this->request->server['REQUEST_METHOD'] == 'POST') && $this->validate()) {
LINE: 26

FILE: admin/language/en-gb/common/column_left.php
CODE: $_['text_other_status']         = 'Other Statuses';
LINE: 90

FILE: admin/model/catalog/category.php
CODE: public function getCategories($data = array()) {
LINE: 261

FILE: catalog/controller/common/header.php
CODE: $data['base'] = $server;
LINE: 80

FILE: admin/controller/common/column_left.php
CODE: $this->load->model('report/statistics')
LINE: 694

FILE: catalog/controller/checkout/cart.php
CODE: if (!$json) {
LINE: 648

FILE: catalog/controller/common/cart.php
CODE: $data['text_items']
LINE: 52

FILE: catalog/controller/common/footer.php
CODE: // Whos Online
LINE: 69

FILE: catalog/controller/product/manufacturer.php
CODE: $this->load->model('tool/image');
LINE: 10
LINE: 69
CODE: if ((float)$result['special']) {
LINE: 210
CODE: 'rating'      => $result['rating'],
LINE: 243

FILE: catalog/controller/product/category.php
CODE: $this->load->model('tool/image');
LINE: 12
CODE: if ((float)$result['special']) {
LINE: 368
CODE: 'rating'      => $result['rating'],
LINE: 428

FILE: catalog/controller/product/product.php
CODE: $this->load->model('tool/image');
LINE: 195
CODE: if ((float)$result['special']) {
LINE: 345
CODE: 'rating'      => $rating,
LINE: 375

FILE: catalog/controller/product/search.php
CODE: $this->load->model('tool/image');
LINE: 12
CODE: if ((float)$result['special']) {
LINE: 247
CODE: 'rating'      => $result['rating'],
LINE: 280

FILE: catalog/controller/common/search.php
CODE: public function index() {
LINE: 7

FILE: catalog/controller/extension/module/bestseller.php
CODE: $this->load->model('tool/image');
LINE: 18
CODE: if ($result['image']) {
LINE: 62
CODE: 'thumb'       => $image,
LINE: 100

FILE: catalog/controller/extension/module/featured.php
CODE: $this->load->model('tool/image');
LINE: 18
CODE: if ($product_info['image']) {
LINE: 69
CODE: 'thumb'       => $image,
LINE: 107

FILE: catalog/controller/extension/module/latest.php
CODE: $this->load->model('tool/image');
LINE: 22
CODE: if ($result['image']) {
LINE: 76
CODE: 'thumb'       => $image,
LINE: 114

FILE: catalog/controller/extension/module/special.php
CODE: $this->load->model('tool/image');
LINE: 19
CODE: if ($result['image']) {
LINE: 71
CODE: 'thumb'       => $image,
LINE: 113

FILE: catalog/controller/account/download.php
CODE: new Pagination();
LINE: 77

FILE: catalog/controller/account/order.php
CODE: new Pagination();
LINE: 65

FILE: catalog/controller/account/recurring.php
CODE: new Pagination();
LINE: 66

FILE: catalog/controller/account/return.php
CODE: new Pagination();
LINE: 63

FILE: catalog/controller/account/reward.php
CODE: new Pagination();
LINE: 61

FILE: catalog/controller/account/transaction.php
CODE: new Pagination();
LINE: 61
----------------------------------------------------------------
2019-08-21 16:35:39 - MOD: Modification Default

FILE: system/engine/action.php
REGEX: ~(require|include)(_once)?\(([^)]+)~
LINE: 69

FILE: system/engine/loader.php
REGEX: ~(require|include)(_once)?\(([^)]+)~
LINE: 77
LINE: 151
LINE: 168

FILE: system/library/config.php
REGEX: ~(require|include)(_once)?\(([^)]+)~
LINE: 59

FILE: system/library/language.php
REGEX: ~(require|include)(_once)?\(([^)]+)~
LINE: 67
LINE: 73

FILE: system/library/template/template.php
REGEX: ~(require|include)(_once)?\(([^)]+)~
LINE: 18

FILE: system/library/template/twig.php
CODE: $loader = new \Twig_Loader_Filesystem(DIR_TEMPLATE);
LINE: 19
----------------------------------------------------------------
MOD: theme setting

FILE: admin/controller/marketplace/extension.php
CODE: $this->load->controller('common/footer');
LINE: 60

FILE: admin/view/template/marketplace/extension.twig
CODE: <div class="panel panel-default">
LINE: 18

FILE: admin/controller/extension/theme/default.php
CODE: if (($this->request->server['REQUEST_METHOD'] == 'POST') && $this->validate()) {
LINE: 26

FILE: admin/language/en-gb/common/column_left.php
CODE: $_['text_other_status']         = 'Other Statuses';
LINE: 90

FILE: admin/model/catalog/category.php
CODE: public function getCategories($data = array()) {
LINE: 261

FILE: catalog/controller/common/header.php
CODE: $data['base'] = $server;
LINE: 80

FILE: admin/controller/common/column_left.php
CODE: $this->load->model('report/statistics')
LINE: 694

FILE: catalog/controller/checkout/cart.php
CODE: if (!$json) {
LINE: 648

FILE: catalog/controller/common/cart.php
CODE: $data['text_items']
LINE: 52

FILE: catalog/controller/common/footer.php
CODE: // Whos Online
LINE: 69

FILE: catalog/controller/product/manufacturer.php
CODE: $this->load->model('tool/image');
LINE: 10
LINE: 69
CODE: if ((float)$result['special']) {
LINE: 210
CODE: 'rating'      => $result['rating'],
LINE: 243

FILE: catalog/controller/product/category.php
CODE: $this->load->model('tool/image');
LINE: 12
CODE: if ((float)$result['special']) {
LINE: 368
CODE: 'rating'      => $result['rating'],
LINE: 428

FILE: catalog/controller/product/product.php
CODE: $this->load->model('tool/image');
LINE: 195
CODE: if ((float)$result['special']) {
LINE: 345
CODE: 'rating'      => $rating,
LINE: 375

FILE: catalog/controller/product/search.php
CODE: $this->load->model('tool/image');
LINE: 12
CODE: if ((float)$result['special']) {
LINE: 247
CODE: 'rating'      => $result['rating'],
LINE: 280

FILE: catalog/controller/common/search.php
CODE: public function index() {
LINE: 7

FILE: catalog/controller/extension/module/bestseller.php
CODE: $this->load->model('tool/image');
LINE: 18
CODE: if ($result['image']) {
LINE: 62
CODE: 'thumb'       => $image,
LINE: 100

FILE: catalog/controller/extension/module/featured.php
CODE: $this->load->model('tool/image');
LINE: 18
CODE: if ($product_info['image']) {
LINE: 69
CODE: 'thumb'       => $image,
LINE: 107

FILE: catalog/controller/extension/module/latest.php
CODE: $this->load->model('tool/image');
LINE: 22
CODE: if ($result['image']) {
LINE: 76
CODE: 'thumb'       => $image,
LINE: 114

FILE: catalog/controller/extension/module/special.php
CODE: $this->load->model('tool/image');
LINE: 19
CODE: if ($result['image']) {
LINE: 71
CODE: 'thumb'       => $image,
LINE: 113

FILE: catalog/controller/account/download.php
CODE: new Pagination();
LINE: 77

FILE: catalog/controller/account/order.php
CODE: new Pagination();
LINE: 65

FILE: catalog/controller/account/recurring.php
CODE: new Pagination();
LINE: 66

FILE: catalog/controller/account/return.php
CODE: new Pagination();
LINE: 63

FILE: catalog/controller/account/reward.php
CODE: new Pagination();
LINE: 61

FILE: catalog/controller/account/transaction.php
CODE: new Pagination();
LINE: 61
----------------------------------------------------------------
2019-08-21 16:36:35 - MOD: Modification Default

FILE: system/engine/action.php
REGEX: ~(require|include)(_once)?\(([^)]+)~
LINE: 69

FILE: system/engine/loader.php
REGEX: ~(require|include)(_once)?\(([^)]+)~
LINE: 77
LINE: 151
LINE: 168

FILE: system/library/config.php
REGEX: ~(require|include)(_once)?\(([^)]+)~
LINE: 59

FILE: system/library/language.php
REGEX: ~(require|include)(_once)?\(([^)]+)~
LINE: 67
LINE: 73

FILE: system/library/template/template.php
REGEX: ~(require|include)(_once)?\(([^)]+)~
LINE: 18

FILE: system/library/template/twig.php
CODE: $loader = new \Twig_Loader_Filesystem(DIR_TEMPLATE);
LINE: 19
----------------------------------------------------------------
MOD: theme setting

FILE: admin/controller/marketplace/extension.php
CODE: $this->load->controller('common/footer');
LINE: 60

FILE: admin/view/template/marketplace/extension.twig
CODE: <div class="panel panel-default">
LINE: 18

FILE: admin/controller/extension/theme/default.php
CODE: if (($this->request->server['REQUEST_METHOD'] == 'POST') && $this->validate()) {
LINE: 26

FILE: admin/language/en-gb/common/column_left.php
CODE: $_['text_other_status']         = 'Other Statuses';
LINE: 90

FILE: admin/model/catalog/category.php
CODE: public function getCategories($data = array()) {
LINE: 261

FILE: catalog/controller/common/header.php
CODE: $data['base'] = $server;
LINE: 80

FILE: admin/controller/common/column_left.php
CODE: $this->load->model('report/statistics')
LINE: 694

FILE: catalog/controller/checkout/cart.php
CODE: if (!$json) {
LINE: 648

FILE: catalog/controller/common/cart.php
CODE: $data['text_items']
LINE: 52

FILE: catalog/controller/common/footer.php
CODE: // Whos Online
LINE: 69

FILE: catalog/controller/product/manufacturer.php
CODE: $this->load->model('tool/image');
LINE: 10
LINE: 69
CODE: if ((float)$result['special']) {
LINE: 210
CODE: 'rating'      => $result['rating'],
LINE: 243

FILE: catalog/controller/product/category.php
CODE: $this->load->model('tool/image');
LINE: 12
CODE: if ((float)$result['special']) {
LINE: 368
CODE: 'rating'      => $result['rating'],
LINE: 428

FILE: catalog/controller/product/product.php
CODE: $this->load->model('tool/image');
LINE: 195
CODE: if ((float)$result['special']) {
LINE: 345
CODE: 'rating'      => $rating,
LINE: 375

FILE: catalog/controller/product/search.php
CODE: $this->load->model('tool/image');
LINE: 12
CODE: if ((float)$result['special']) {
LINE: 247
CODE: 'rating'      => $result['rating'],
LINE: 280

FILE: catalog/controller/common/search.php
CODE: public function index() {
LINE: 7

FILE: catalog/controller/extension/module/bestseller.php
CODE: $this->load->model('tool/image');
LINE: 18
CODE: if ($result['image']) {
LINE: 62
CODE: 'thumb'       => $image,
LINE: 100

FILE: catalog/controller/extension/module/featured.php
CODE: $this->load->model('tool/image');
LINE: 18
CODE: if ($product_info['image']) {
LINE: 69
CODE: 'thumb'       => $image,
LINE: 107

FILE: catalog/controller/extension/module/latest.php
CODE: $this->load->model('tool/image');
LINE: 22
CODE: if ($result['image']) {
LINE: 76
CODE: 'thumb'       => $image,
LINE: 114

FILE: catalog/controller/extension/module/special.php
CODE: $this->load->model('tool/image');
LINE: 19
CODE: if ($result['image']) {
LINE: 71
CODE: 'thumb'       => $image,
LINE: 113

FILE: catalog/controller/account/download.php
CODE: new Pagination();
LINE: 77

FILE: catalog/controller/account/order.php
CODE: new Pagination();
LINE: 65

FILE: catalog/controller/account/recurring.php
CODE: new Pagination();
LINE: 66

FILE: catalog/controller/account/return.php
CODE: new Pagination();
LINE: 63

FILE: catalog/controller/account/reward.php
CODE: new Pagination();
LINE: 61

FILE: catalog/controller/account/transaction.php
CODE: new Pagination();
LINE: 61
----------------------------------------------------------------
2019-08-21 16:57:57 - MOD: Modification Default

FILE: system/engine/action.php
REGEX: ~(require|include)(_once)?\(([^)]+)~
LINE: 69

FILE: system/engine/loader.php
REGEX: ~(require|include)(_once)?\(([^)]+)~
LINE: 77
LINE: 151
LINE: 168

FILE: system/library/config.php
REGEX: ~(require|include)(_once)?\(([^)]+)~
LINE: 59

FILE: system/library/language.php
REGEX: ~(require|include)(_once)?\(([^)]+)~
LINE: 67
LINE: 73

FILE: system/library/template/template.php
REGEX: ~(require|include)(_once)?\(([^)]+)~
LINE: 18

FILE: system/library/template/twig.php
CODE: $loader = new \Twig_Loader_Filesystem(DIR_TEMPLATE);
LINE: 19
----------------------------------------------------------------
MOD: theme setting

FILE: admin/controller/marketplace/extension.php
CODE: $this->load->controller('common/footer');
LINE: 60

FILE: admin/view/template/marketplace/extension.twig
CODE: <div class="panel panel-default">
LINE: 18

FILE: admin/controller/extension/theme/default.php
CODE: if (($this->request->server['REQUEST_METHOD'] == 'POST') && $this->validate()) {
LINE: 26

FILE: admin/language/en-gb/common/column_left.php
CODE: $_['text_other_status']         = 'Other Statuses';
LINE: 90

FILE: admin/model/catalog/category.php
CODE: public function getCategories($data = array()) {
LINE: 261

FILE: catalog/controller/common/header.php
CODE: $data['base'] = $server;
LINE: 83

FILE: admin/controller/common/column_left.php
CODE: $this->load->model('report/statistics')
LINE: 694

FILE: catalog/controller/checkout/cart.php
CODE: if (!$json) {
LINE: 648

FILE: catalog/controller/common/cart.php
CODE: $data['text_items']
LINE: 52

FILE: catalog/controller/common/footer.php
CODE: // Whos Online
LINE: 71

FILE: catalog/controller/product/manufacturer.php
CODE: $this->load->model('tool/image');
LINE: 10
LINE: 69
CODE: if ((float)$result['special']) {
LINE: 210
CODE: 'rating'      => $result['rating'],
LINE: 243

FILE: catalog/controller/product/category.php
CODE: $this->load->model('tool/image');
LINE: 12
CODE: if ((float)$result['special']) {
LINE: 368
CODE: 'rating'      => $result['rating'],
LINE: 428

FILE: catalog/controller/product/product.php
CODE: $this->load->model('tool/image');
LINE: 195
CODE: if ((float)$result['special']) {
LINE: 345
CODE: 'rating'      => $rating,
LINE: 375

FILE: catalog/controller/product/search.php
CODE: $this->load->model('tool/image');
LINE: 12
CODE: if ((float)$result['special']) {
LINE: 247
CODE: 'rating'      => $result['rating'],
LINE: 280

FILE: catalog/controller/common/search.php
CODE: public function index() {
LINE: 7

FILE: catalog/controller/extension/module/bestseller.php
CODE: $this->load->model('tool/image');
LINE: 18
CODE: if ($result['image']) {
LINE: 62
CODE: 'thumb'       => $image,
LINE: 100

FILE: catalog/controller/extension/module/featured.php
CODE: $this->load->model('tool/image');
LINE: 18
CODE: if ($product_info['image']) {
LINE: 69
CODE: 'thumb'       => $image,
LINE: 107

FILE: catalog/controller/extension/module/latest.php
CODE: $this->load->model('tool/image');
LINE: 22
CODE: if ($result['image']) {
LINE: 76
CODE: 'thumb'       => $image,
LINE: 114

FILE: catalog/controller/extension/module/special.php
CODE: $this->load->model('tool/image');
LINE: 19
CODE: if ($result['image']) {
LINE: 71
CODE: 'thumb'       => $image,
LINE: 113

FILE: catalog/controller/account/download.php
CODE: new Pagination();
LINE: 77

FILE: catalog/controller/account/order.php
CODE: new Pagination();
LINE: 65

FILE: catalog/controller/account/recurring.php
CODE: new Pagination();
LINE: 66

FILE: catalog/controller/account/return.php
CODE: new Pagination();
LINE: 63

FILE: catalog/controller/account/reward.php
CODE: new Pagination();
LINE: 61

FILE: catalog/controller/account/transaction.php
CODE: new Pagination();
LINE: 61
----------------------------------------------------------------
2019-08-21 17:06:42 - MOD: Modification Default

FILE: system/engine/action.php
REGEX: ~(require|include)(_once)?\(([^)]+)~
LINE: 69

FILE: system/engine/loader.php
REGEX: ~(require|include)(_once)?\(([^)]+)~
LINE: 77
LINE: 151
LINE: 168

FILE: system/library/config.php
REGEX: ~(require|include)(_once)?\(([^)]+)~
LINE: 59

FILE: system/library/language.php
REGEX: ~(require|include)(_once)?\(([^)]+)~
LINE: 67
LINE: 73

FILE: system/library/template/template.php
REGEX: ~(require|include)(_once)?\(([^)]+)~
LINE: 18

FILE: system/library/template/twig.php
CODE: $loader = new \Twig_Loader_Filesystem(DIR_TEMPLATE);
LINE: 19
----------------------------------------------------------------
2019-08-21 17:07:36 - MOD: Modification Default

FILE: system/engine/action.php
REGEX: ~(require|include)(_once)?\(([^)]+)~
LINE: 69

FILE: system/engine/loader.php
REGEX: ~(require|include)(_once)?\(([^)]+)~
LINE: 77
LINE: 151
LINE: 168

FILE: system/library/config.php
REGEX: ~(require|include)(_once)?\(([^)]+)~
LINE: 59

FILE: system/library/language.php
REGEX: ~(require|include)(_once)?\(([^)]+)~
LINE: 67
LINE: 73

FILE: system/library/template/template.php
REGEX: ~(require|include)(_once)?\(([^)]+)~
LINE: 18

FILE: system/library/template/twig.php
CODE: $loader = new \Twig_Loader_Filesystem(DIR_TEMPLATE);
LINE: 19
----------------------------------------------------------------
MOD: theme setting

FILE: admin/controller/marketplace/extension.php
CODE: $this->load->controller('common/footer');
LINE: 60

FILE: admin/view/template/marketplace/extension.twig
CODE: <div class="panel panel-default">
LINE: 18

FILE: admin/controller/extension/theme/default.php
CODE: if (($this->request->server['REQUEST_METHOD'] == 'POST') && $this->validate()) {
LINE: 26

FILE: admin/language/en-gb/common/column_left.php
CODE: $_['text_other_status']         = 'Other Statuses';
LINE: 90

FILE: admin/model/catalog/category.php
CODE: public function getCategories($data = array()) {
LINE: 261

FILE: catalog/controller/common/header.php
CODE: $data['base'] = $server;
LINE: 83

FILE: admin/controller/common/column_left.php
CODE: $this->load->model('report/statistics')
LINE: 694

FILE: catalog/controller/checkout/cart.php
CODE: if (!$json) {
LINE: 648

FILE: catalog/controller/common/cart.php
CODE: $data['text_items']
LINE: 52

FILE: catalog/controller/common/footer.php
CODE: // Whos Online
LINE: 71

FILE: catalog/controller/product/manufacturer.php
CODE: $this->load->model('tool/image');
LINE: 10
LINE: 69
CODE: if ((float)$result['special']) {
LINE: 210
CODE: 'rating'      => $result['rating'],
LINE: 243

FILE: catalog/controller/product/category.php
CODE: $this->load->model('tool/image');
LINE: 12
CODE: if ((float)$result['special']) {
LINE: 368
CODE: 'rating'      => $result['rating'],
LINE: 428

FILE: catalog/controller/product/product.php
CODE: $this->load->model('tool/image');
LINE: 195
CODE: if ((float)$result['special']) {
LINE: 345
CODE: 'rating'      => $rating,
LINE: 375

FILE: catalog/controller/product/search.php
CODE: $this->load->model('tool/image');
LINE: 12
CODE: if ((float)$result['special']) {
LINE: 247
CODE: 'rating'      => $result['rating'],
LINE: 280

FILE: catalog/controller/common/search.php
CODE: public function index() {
LINE: 7

FILE: catalog/controller/extension/module/bestseller.php
CODE: $this->load->model('tool/image');
LINE: 18
CODE: if ($result['image']) {
LINE: 62
CODE: 'thumb'       => $image,
LINE: 100

FILE: catalog/controller/extension/module/featured.php
CODE: $this->load->model('tool/image');
LINE: 18
CODE: if ($product_info['image']) {
LINE: 69
CODE: 'thumb'       => $image,
LINE: 107

FILE: catalog/controller/extension/module/latest.php
CODE: $this->load->model('tool/image');
LINE: 22
CODE: if ($result['image']) {
LINE: 76
CODE: 'thumb'       => $image,
LINE: 114

FILE: catalog/controller/extension/module/special.php
CODE: $this->load->model('tool/image');
LINE: 19
CODE: if ($result['image']) {
LINE: 71
CODE: 'thumb'       => $image,
LINE: 113

FILE: catalog/controller/account/download.php
CODE: new Pagination();
LINE: 77

FILE: catalog/controller/account/order.php
CODE: new Pagination();
LINE: 65

FILE: catalog/controller/account/recurring.php
CODE: new Pagination();
LINE: 66

FILE: catalog/controller/account/return.php
CODE: new Pagination();
LINE: 63

FILE: catalog/controller/account/reward.php
CODE: new Pagination();
LINE: 61

FILE: catalog/controller/account/transaction.php
CODE: new Pagination();
LINE: 61
----------------------------------------------------------------
2019-08-27 16:36:06 - MOD: Modification Default

FILE: system/engine/action.php
REGEX: ~(require|include)(_once)?\(([^)]+)~
LINE: 69

FILE: system/engine/loader.php
REGEX: ~(require|include)(_once)?\(([^)]+)~
LINE: 77
LINE: 151
LINE: 168

FILE: system/library/config.php
REGEX: ~(require|include)(_once)?\(([^)]+)~
LINE: 59

FILE: system/library/language.php
REGEX: ~(require|include)(_once)?\(([^)]+)~
LINE: 67
LINE: 73

FILE: system/library/template/template.php
REGEX: ~(require|include)(_once)?\(([^)]+)~
LINE: 18

FILE: system/library/template/twig.php
CODE: $loader = new \Twig_Loader_Filesystem(DIR_TEMPLATE);
LINE: 19
----------------------------------------------------------------
MOD: theme setting

FILE: admin/controller/marketplace/extension.php
CODE: $this->load->controller('common/footer');
LINE: 60

FILE: admin/view/template/marketplace/extension.twig
CODE: <div class="panel panel-default">
LINE: 18

FILE: admin/controller/extension/theme/default.php
CODE: if (($this->request->server['REQUEST_METHOD'] == 'POST') && $this->validate()) {
LINE: 26

FILE: admin/language/en-gb/common/column_left.php
CODE: $_['text_other_status']         = 'Other Statuses';
LINE: 90

FILE: admin/model/catalog/category.php
CODE: public function getCategories($data = array()) {
LINE: 261

FILE: catalog/controller/common/header.php
CODE: $data['base'] = $server;
LINE: 83

FILE: admin/controller/common/column_left.php
CODE: $this->load->model('report/statistics')
LINE: 694

FILE: catalog/controller/checkout/cart.php
CODE: if (!$json) {
LINE: 648

FILE: catalog/controller/common/cart.php
CODE: $data['text_items']
LINE: 52

FILE: catalog/controller/common/footer.php
CODE: // Whos Online
LINE: 71

FILE: catalog/controller/product/manufacturer.php
CODE: $this->load->model('tool/image');
LINE: 10
LINE: 69
CODE: if ((float)$result['special']) {
LINE: 210
CODE: 'rating'      => $result['rating'],
LINE: 243

FILE: catalog/controller/product/category.php
CODE: $this->load->model('tool/image');
LINE: 12
CODE: if ((float)$result['special']) {
LINE: 368
CODE: 'rating'      => $result['rating'],
LINE: 428

FILE: catalog/controller/product/product.php
CODE: $this->load->model('tool/image');
LINE: 195
CODE: if ((float)$result['special']) {
LINE: 345
CODE: 'rating'      => $rating,
LINE: 375

FILE: catalog/controller/product/search.php
CODE: $this->load->model('tool/image');
LINE: 12
CODE: if ((float)$result['special']) {
LINE: 247
CODE: 'rating'      => $result['rating'],
LINE: 280

FILE: catalog/controller/common/search.php
CODE: public function index() {
LINE: 7

FILE: catalog/controller/extension/module/bestseller.php
CODE: $this->load->model('tool/image');
LINE: 18
CODE: if ($result['image']) {
LINE: 62
CODE: 'thumb'       => $image,
LINE: 100

FILE: catalog/controller/extension/module/featured.php
CODE: $this->load->model('tool/image');
LINE: 18
CODE: if ($product_info['image']) {
LINE: 69
CODE: 'thumb'       => $image,
LINE: 107

FILE: catalog/controller/extension/module/latest.php
CODE: $this->load->model('tool/image');
LINE: 22
CODE: if ($result['image']) {
LINE: 76
CODE: 'thumb'       => $image,
LINE: 114

FILE: catalog/controller/extension/module/special.php
CODE: $this->load->model('tool/image');
LINE: 19
CODE: if ($result['image']) {
LINE: 71
CODE: 'thumb'       => $image,
LINE: 113

FILE: catalog/controller/account/download.php
CODE: new Pagination();
LINE: 77

FILE: catalog/controller/account/order.php
CODE: new Pagination();
LINE: 65

FILE: catalog/controller/account/recurring.php
CODE: new Pagination();
LINE: 66

FILE: catalog/controller/account/return.php
CODE: new Pagination();
LINE: 63

FILE: catalog/controller/account/reward.php
CODE: new Pagination();
LINE: 61

FILE: catalog/controller/account/transaction.php
CODE: new Pagination();
LINE: 61
----------------------------------------------------------------
2019-09-06 9:05:45 - MOD: Modification Default

FILE: system/engine/action.php
REGEX: ~(require|include)(_once)?\(([^)]+)~
LINE: 69

FILE: system/engine/loader.php
REGEX: ~(require|include)(_once)?\(([^)]+)~
LINE: 77
LINE: 151
LINE: 168

FILE: system/library/config.php
REGEX: ~(require|include)(_once)?\(([^)]+)~
LINE: 59

FILE: system/library/language.php
REGEX: ~(require|include)(_once)?\(([^)]+)~
LINE: 67
LINE: 73

FILE: system/library/template/template.php
REGEX: ~(require|include)(_once)?\(([^)]+)~
LINE: 18

FILE: system/library/template/twig.php
CODE: $loader = new \Twig_Loader_Filesystem(DIR_TEMPLATE);
LINE: 19
----------------------------------------------------------------
2019-09-06 9:06:10 - MOD: Modification Default

FILE: system/engine/action.php
REGEX: ~(require|include)(_once)?\(([^)]+)~
LINE: 69

FILE: system/engine/loader.php
REGEX: ~(require|include)(_once)?\(([^)]+)~
LINE: 77
LINE: 151
LINE: 168

FILE: system/library/config.php
REGEX: ~(require|include)(_once)?\(([^)]+)~
LINE: 59

FILE: system/library/language.php
REGEX: ~(require|include)(_once)?\(([^)]+)~
LINE: 67
LINE: 73

FILE: system/library/template/template.php
REGEX: ~(require|include)(_once)?\(([^)]+)~
LINE: 18

FILE: system/library/template/twig.php
CODE: $loader = new \Twig_Loader_Filesystem(DIR_TEMPLATE);
LINE: 19
----------------------------------------------------------------
MOD: theme setting

FILE: admin/controller/marketplace/extension.php
CODE: $this->load->controller('common/footer');
LINE: 60

FILE: admin/view/template/marketplace/extension.twig
CODE: <div class="panel panel-default">
LINE: 18

FILE: admin/language/en-gb/common/column_left.php
CODE: $_['text_other_status']         = 'Other Statuses';
LINE: 90

FILE: admin/model/catalog/category.php
CODE: public function getCategories($data = array()) {
LINE: 261

FILE: catalog/controller/common/header.php
CODE: $data['base'] = $server;
LINE: 84

FILE: admin/controller/common/column_left.php
CODE: $this->load->model('report/statistics')
LINE: 694

FILE: catalog/controller/checkout/cart.php
CODE: if (!$json) {
LINE: 648

FILE: catalog/controller/common/cart.php
CODE: $data['text_items']
LINE: 52

FILE: catalog/controller/common/footer.php
CODE: // Whos Online
LINE: 72

FILE: catalog/controller/product/manufacturer.php
CODE: $this->load->model('tool/image');
LINE: 10
LINE: 69
CODE: if ((float)$result['special']) {
LINE: 210
CODE: 'rating'      => $result['rating'],
LINE: 243

FILE: catalog/controller/product/category.php
CODE: $this->load->model('tool/image');
LINE: 12
CODE: if ((float)$result['special']) {
LINE: 368
CODE: 'rating'      => $result['rating'],
LINE: 428

FILE: catalog/controller/product/product.php
CODE: $this->load->model('tool/image');
LINE: 195
CODE: if ((float)$result['special']) {
LINE: 345
CODE: 'rating'      => $rating,
LINE: 375

FILE: catalog/controller/product/search.php
CODE: $this->load->model('tool/image');
LINE: 12
CODE: if ((float)$result['special']) {
LINE: 247
CODE: 'rating'      => $result['rating'],
LINE: 280

FILE: catalog/controller/common/search.php
CODE: public function index() {
LINE: 7

FILE: catalog/controller/extension/module/bestseller.php
CODE: $this->load->model('tool/image');
LINE: 18
CODE: if ($result['image']) {
LINE: 62
CODE: 'thumb'       => $image,
LINE: 100

FILE: catalog/controller/extension/module/featured.php
CODE: $this->load->model('tool/image');
LINE: 18
CODE: if ($product_info['image']) {
LINE: 69
CODE: 'thumb'       => $image,
LINE: 107

FILE: catalog/controller/extension/module/latest.php
CODE: $this->load->model('tool/image');
LINE: 22
CODE: if ($result['image']) {
LINE: 76
CODE: 'thumb'       => $image,
LINE: 114

FILE: catalog/controller/extension/module/special.php
CODE: $this->load->model('tool/image');
LINE: 19
CODE: if ($result['image']) {
LINE: 71
CODE: 'thumb'       => $image,
LINE: 113

FILE: catalog/controller/account/download.php
CODE: new Pagination();
LINE: 77

FILE: catalog/controller/account/order.php
CODE: new Pagination();
LINE: 65

FILE: catalog/controller/account/recurring.php
CODE: new Pagination();
LINE: 66

FILE: catalog/controller/account/return.php
CODE: new Pagination();
LINE: 63

FILE: catalog/controller/account/reward.php
CODE: new Pagination();
LINE: 61

FILE: catalog/controller/account/transaction.php
CODE: new Pagination();
LINE: 61
----------------------------------------------------------------
2019-09-06 10:32:20 - MOD: Modification Default

FILE: system/engine/action.php
REGEX: ~(require|include)(_once)?\(([^)]+)~
LINE: 69

FILE: system/engine/loader.php
REGEX: ~(require|include)(_once)?\(([^)]+)~
LINE: 77
LINE: 151
LINE: 168

FILE: system/library/config.php
REGEX: ~(require|include)(_once)?\(([^)]+)~
LINE: 59

FILE: system/library/language.php
REGEX: ~(require|include)(_once)?\(([^)]+)~
LINE: 67
LINE: 73

FILE: system/library/template/template.php
REGEX: ~(require|include)(_once)?\(([^)]+)~
LINE: 18

FILE: system/library/template/twig.php
CODE: $loader = new \Twig_Loader_Filesystem(DIR_TEMPLATE);
LINE: 19
----------------------------------------------------------------
MOD: theme setting

FILE: admin/controller/marketplace/extension.php
CODE: $this->load->controller('common/footer');
LINE: 60

FILE: admin/view/template/marketplace/extension.twig
CODE: <div class="panel panel-default">
LINE: 18

FILE: admin/language/en-gb/common/column_left.php
CODE: $_['text_other_status']         = 'Other Statuses';
LINE: 90

FILE: admin/model/catalog/category.php
CODE: public function getCategories($data = array()) {
LINE: 261

FILE: catalog/controller/common/header.php
CODE: $data['base'] = $server;
LINE: 84

FILE: admin/controller/common/column_left.php
CODE: $this->load->model('report/statistics')
LINE: 694

FILE: catalog/controller/checkout/cart.php
CODE: if (!$json) {
LINE: 648

FILE: catalog/controller/common/cart.php
CODE: $data['text_items']
LINE: 52

FILE: catalog/controller/common/footer.php
CODE: // Whos Online
LINE: 72

FILE: catalog/controller/product/manufacturer.php
CODE: $this->load->model('tool/image');
LINE: 10
LINE: 69
CODE: if ((float)$result['special']) {
LINE: 210
CODE: 'rating'      => $result['rating'],
LINE: 243

FILE: catalog/controller/product/category.php
CODE: $this->load->model('tool/image');
LINE: 12
CODE: if ((float)$result['special']) {
LINE: 368
CODE: 'rating'      => $result['rating'],
LINE: 428

FILE: catalog/controller/product/product.php
CODE: $this->load->model('tool/image');
LINE: 195
CODE: if ((float)$result['special']) {
LINE: 345
CODE: 'rating'      => $rating,
LINE: 375

FILE: catalog/controller/product/search.php
CODE: $this->load->model('tool/image');
LINE: 12
CODE: if ((float)$result['special']) {
LINE: 247
CODE: 'rating'      => $result['rating'],
LINE: 280

FILE: catalog/controller/common/search.php
CODE: public function index() {
LINE: 7

FILE: catalog/controller/extension/module/bestseller.php
CODE: $this->load->model('tool/image');
LINE: 18
CODE: if ($result['image']) {
LINE: 62
CODE: 'thumb'       => $image,
LINE: 100

FILE: catalog/controller/extension/module/featured.php
CODE: $this->load->model('tool/image');
LINE: 18
CODE: if ($product_info['image']) {
LINE: 69
CODE: 'thumb'       => $image,
LINE: 107

FILE: catalog/controller/extension/module/latest.php
CODE: $this->load->model('tool/image');
LINE: 22
CODE: if ($result['image']) {
LINE: 76
CODE: 'thumb'       => $image,
LINE: 114

FILE: catalog/controller/extension/module/special.php
CODE: $this->load->model('tool/image');
LINE: 19
CODE: if ($result['image']) {
LINE: 71
CODE: 'thumb'       => $image,
LINE: 113

FILE: catalog/controller/account/download.php
CODE: new Pagination();
LINE: 77

FILE: catalog/controller/account/order.php
CODE: new Pagination();
LINE: 65

FILE: catalog/controller/account/recurring.php
CODE: new Pagination();
LINE: 66

FILE: catalog/controller/account/return.php
CODE: new Pagination();
LINE: 63

FILE: catalog/controller/account/reward.php
CODE: new Pagination();
LINE: 61

FILE: catalog/controller/account/transaction.php
CODE: new Pagination();
LINE: 61
----------------------------------------------------------------
2022-02-21 6:24:42 - MOD: Modification Default

FILE: system/engine/action.php
REGEX: ~(require|include)(_once)?\(([^)]+)~
LINE: 69

FILE: system/engine/loader.php
REGEX: ~(require|include)(_once)?\(([^)]+)~
LINE: 77
LINE: 151
LINE: 168

FILE: system/library/config.php
REGEX: ~(require|include)(_once)?\(([^)]+)~
LINE: 59

FILE: system/library/language.php
REGEX: ~(require|include)(_once)?\(([^)]+)~
LINE: 67
LINE: 73

FILE: system/library/template/template.php
REGEX: ~(require|include)(_once)?\(([^)]+)~
LINE: 18

FILE: system/library/template/twig.php
CODE: $loader = new \Twig_Loader_Filesystem(DIR_TEMPLATE);
LINE: 19
----------------------------------------------------------------
MOD: theme setting

FILE: admin/controller/marketplace/extension.php
CODE: $this->load->controller('common/footer');
LINE: 60

FILE: admin/view/template/marketplace/extension.twig
CODE: <div class="panel panel-default">
LINE: 18

FILE: admin/language/en-gb/common/column_left.php
CODE: $_['text_other_status']         = 'Other Statuses';
LINE: 90

FILE: admin/model/catalog/category.php
CODE: public function getCategories($data = array()) {
LINE: 261

FILE: catalog/controller/common/header.php
CODE: $data['base'] = $server;
LINE: 84

FILE: admin/controller/common/column_left.php
CODE: $this->load->model('report/statistics')
LINE: 694

FILE: catalog/controller/checkout/cart.php
CODE: if (!$json) {
LINE: 648

FILE: catalog/controller/common/cart.php
CODE: $data['text_items']
LINE: 52

FILE: catalog/controller/common/footer.php
CODE: // Whos Online
LINE: 72

FILE: catalog/controller/product/manufacturer.php
CODE: $this->load->model('tool/image');
LINE: 10
LINE: 69
CODE: if ((float)$result['special']) {
LINE: 210
CODE: 'rating'      => $result['rating'],
LINE: 243

FILE: catalog/controller/product/category.php
CODE: $this->load->model('tool/image');
LINE: 12
CODE: if ((float)$result['special']) {
LINE: 368
CODE: 'rating'      => $result['rating'],
LINE: 428

FILE: catalog/controller/product/product.php
CODE: $this->load->model('tool/image');
LINE: 195
CODE: if ((float)$result['special']) {
LINE: 345
CODE: 'rating'      => $rating,
LINE: 375

FILE: catalog/controller/product/search.php
CODE: $this->load->model('tool/image');
LINE: 12
CODE: if ((float)$result['special']) {
LINE: 247
CODE: 'rating'      => $result['rating'],
LINE: 280

FILE: catalog/controller/common/search.php
CODE: public function index() {
LINE: 7

FILE: catalog/controller/extension/module/bestseller.php
CODE: $this->load->model('tool/image');
LINE: 18
CODE: if ($result['image']) {
LINE: 62
CODE: 'thumb'       => $image,
LINE: 100

FILE: catalog/controller/extension/module/featured.php
CODE: $this->load->model('tool/image');
LINE: 18
CODE: if ($product_info['image']) {
LINE: 69
CODE: 'thumb'       => $image,
LINE: 107

FILE: catalog/controller/extension/module/latest.php
CODE: $this->load->model('tool/image');
LINE: 22
CODE: if ($result['image']) {
LINE: 76
CODE: 'thumb'       => $image,
LINE: 114

FILE: catalog/controller/extension/module/special.php
CODE: $this->load->model('tool/image');
LINE: 19
CODE: if ($result['image']) {
LINE: 71
CODE: 'thumb'       => $image,
LINE: 113

FILE: catalog/controller/account/download.php
CODE: new Pagination();
LINE: 77

FILE: catalog/controller/account/order.php
CODE: new Pagination();
LINE: 65

FILE: catalog/controller/account/recurring.php
CODE: new Pagination();
LINE: 66

FILE: catalog/controller/account/return.php
CODE: new Pagination();
LINE: 63

FILE: catalog/controller/account/reward.php
CODE: new Pagination();
LINE: 61

FILE: catalog/controller/account/transaction.php
CODE: new Pagination();
LINE: 61
----------------------------------------------------------------
